<?xml version="1.0" encoding="UTF-8"?>
<!-- Generated by org.testng.reporters.JUnitReportReporter -->
<testsuite skipped="0" hostname="Mahadev-PC" name="com.qa.mobile.tests.Scenario4" tests="2" failures="0" timestamp="2021-05-07T22:48:04 IST" time="15.335" errors="0">
  <testcase name="verifyClickFileLogoAndVerifyRegPageElements" time="3.859" classname="com.qa.mobile.tests.Scenario4"/>
  <system-out/>
  <testcase name="verifyUserRegistration" time="11.476" classname="com.qa.mobile.tests.Scenario4"/>
  <system-out/>
</testsuite> <!-- com.qa.mobile.tests.Scenario4 -->
