<?xml version="1.0" encoding="UTF-8"?>
<!-- Generated by org.testng.reporters.JUnitReportReporter -->
<testsuite skipped="0" hostname="Mahadev-PC" name="com.qa.web.tests.Test_JQueryUI_ControlGroups" tests="1" failures="0" timestamp="2021-05-07T20:02:32 IST" time="24.887" errors="0">
  <testcase name="test" time="24.887" classname="com.qa.web.tests.Test_JQueryUI_ControlGroups"/>
  <system-out/>
</testsuite> <!-- com.qa.web.tests.Test_JQueryUI_ControlGroups -->
