<?xml version="1.0" encoding="UTF-8"?>
<!-- Generated by org.testng.reporters.JUnitReportReporter -->
<testsuite skipped="0" hostname="Mahadev-PC" name="com.qa.web.tests.Test_JQueryUI_Droppable" tests="1" failures="0" timestamp="2021-05-07T20:02:32 IST" time="24.705" errors="0">
  <testcase name="test1" time="24.705" classname="com.qa.web.tests.Test_JQueryUI_Droppable"/>
  <system-out/>
</testsuite> <!-- com.qa.web.tests.Test_JQueryUI_Droppable -->
