<?xml version="1.0" encoding="UTF-8"?>
<!-- Generated by org.testng.reporters.JUnitReportReporter -->
<testsuite skipped="1" hostname="Mahadev-PC" name="com.qa.mobile.tests.Scenario2" tests="1" failures="0" timestamp="2021-05-07T19:34:23 IST" time="0.000" errors="0">
  <testcase name="clickEN_BtnAndVerify" time="0.000" classname="com.qa.mobile.tests.Scenario2">
    <skipped/>
  </testcase> <!-- clickEN_BtnAndVerify -->
  <system-out/>
</testsuite> <!-- com.qa.mobile.tests.Scenario2 -->
