<?xml version="1.0" encoding="UTF-8"?>
<!-- Generated by org.testng.reporters.JUnitReportReporter -->
<testsuite skipped="0" hostname="Mahadev-PC" name="com.qa.mobile.tests.Scenario1" tests="2" failures="0" timestamp="2021-05-07T20:04:36 IST" time="1.194" errors="0">
  <testcase name="userUerifiesTitle" time="0.497" classname="com.qa.mobile.tests.Scenario1"/>
  <system-out/>
  <testcase name="userVerifyElementsOnApplication" time="0.697" classname="com.qa.mobile.tests.Scenario1"/>
  <system-out/>
</testsuite> <!-- com.qa.mobile.tests.Scenario1 -->
